<?xml version="1.0" encoding="UTF-8"?>
<!-- Generated by org.testng.reporters.JUnitReportReporter -->
<testsuite hostname="DESKTOP-DQN0RRE" failures="0" tests="1" name="com.purna.runner.RunPurnaTest" time="25.622" errors="0" timestamp="2022-12-06T20:57:18 IST" skipped="0">
  <testcase classname="com.purna.runner.RunPurnaTest" name="runScenario" time="25.622"/>
  <system-out/>
</testsuite> <!-- com.purna.runner.RunPurnaTest -->
